Build started 09/03/2017 22:20:20.
     1>Project "C:\Users\nanoENGINE\Desktop\REPOS\infograf\InfoGrafica\InfoGraficaSolution\Practica_0\Practica_0.vcxproj" on node 2 (Build target(s)).
     1>ClCompile:
         C:\Program Files (x86)\Microsoft Visual Studio 14.0\VC\bin\CL.exe /c /IC:\Users\nanoENGINE\Desktop\REPOS\infograf\InfoGrafica\InfoGraficaSolution\\include\Glew\include\GL /IC:\Users\nanoENGINE\Desktop\REPOS\infograf\InfoGrafica\InfoGraficaSolution\\include\glfw\glfw\include\GLFW /ZI /nologo /W3 /WX- /sdl /Od /Oy- /D WIN32 /D _DEBUG /D _CONSOLE /D _UNICODE /D UNICODE /Gm /EHsc /RTC1 /MDd /GS /fp:precise /Zc:wchar_t /Zc:forScope /Zc:inline /Fo"Debug\\" /Fd"Debug\vc140.pdb" /Gd /TP /analyze- /errorReport:prompt main.cpp
         main.cpp
     1>c:\users\nanoengine\desktop\repos\infograf\infografica\infograficasolution\practica_0\main.cpp(89): warning C4305: 'argument': truncation from 'double' to 'GLfloat'
     1>c:\users\nanoengine\desktop\repos\infograf\infografica\infograficasolution\practica_0\main.cpp(96): warning C4305: 'argument': truncation from 'double' to 'GLfloat'
     1>c:\users\nanoengine\desktop\repos\infograf\infografica\infograficasolution\practica_0\main.cpp(103): warning C4305: 'argument': truncation from 'double' to 'GLfloat'
     1>c:\users\nanoengine\desktop\repos\infograf\infografica\infograficasolution\practica_0\main.cpp(110): warning C4305: 'argument': truncation from 'double' to 'GLfloat'
     1>c:\users\nanoengine\desktop\repos\infograf\infografica\infograficasolution\practica_0\main.cpp(139): warning C4305: 'argument': truncation from 'double' to 'GLfloat'
     1>c:\users\nanoengine\desktop\repos\infograf\infografica\infograficasolution\practica_0\main.cpp(142): warning C4305: 'argument': truncation from 'double' to 'GLfloat'
     1>c:\users\nanoengine\desktop\repos\infograf\infografica\infograficasolution\practica_0\main.cpp(145): warning C4305: 'argument': truncation from 'double' to 'GLfloat'
     1>c:\users\nanoengine\desktop\repos\infograf\infografica\infograficasolution\practica_0\main.cpp(148): warning C4305: 'argument': truncation from 'double' to 'GLfloat'
     1>c:\users\nanoengine\desktop\repos\infograf\infografica\infograficasolution\practica_0\main.cpp(152): warning C4305: 'argument': truncation from 'double' to 'GLfloat'
     1>c:\users\nanoengine\desktop\repos\infograf\infografica\infograficasolution\practica_0\main.cpp(155): warning C4305: 'argument': truncation from 'double' to 'GLfloat'
     1>c:\users\nanoengine\desktop\repos\infograf\infografica\infograficasolution\practica_0\main.cpp(158): warning C4305: 'argument': truncation from 'double' to 'GLfloat'
     1>c:\users\nanoengine\desktop\repos\infograf\infografica\infograficasolution\practica_0\main.cpp(161): warning C4305: 'argument': truncation from 'double' to 'GLfloat'
       Link:
         C:\Program Files (x86)\Microsoft Visual Studio 14.0\VC\bin\link.exe /ERRORREPORT:PROMPT /OUT:"C:\Users\nanoENGINE\Desktop\REPOS\infograf\InfoGrafica\InfoGraficaSolution\Debug\Practica_0.exe" /INCREMENTAL /NOLOGO /LIBPATH:C:\Users\nanoENGINE\Desktop\REPOS\infograf\InfoGrafica\InfoGraficaSolution\\include\soil\lib /LIBPATH:"C:\Users\nanoENGINE\Desktop\REPOS\infograf\InfoGrafica\InfoGraficaSolution\include\glfw\glfw\lib-vc2015" /LIBPATH:C:\Users\nanoENGINE\Desktop\REPOS\infograf\InfoGrafica\InfoGraficaSolution\include\Glew\lib\Release\Win32 libSOIL.lib opengl32.lib glew32s.lib glfw3.lib kernel32.lib user32.lib gdi32.lib winspool.lib comdlg32.lib advapi32.lib shell32.lib ole32.lib oleaut32.lib uuid.lib odbc32.lib odbccp32.lib kernel32.lib user32.lib gdi32.lib winspool.lib comdlg32.lib advapi32.lib shell32.lib ole32.lib oleaut32.lib uuid.lib odbc32.lib odbccp32.lib /MANIFEST /MANIFESTUAC:"level='asInvoker' uiAccess='false'" /manifest:embed /Debug /PDB:"C:\Users\nanoENGINE\Desktop\REPOS\infograf\InfoGrafica\InfoGraficaSolution\Debug\Practica_0.pdb" /SUBSYSTEM:CONSOLE /TLBID:1 /DYNAMICBASE /NXCOMPAT /IMPLIB:"C:\Users\nanoENGINE\Desktop\REPOS\infograf\InfoGrafica\InfoGraficaSolution\Debug\Practica_0.lib" /MACHINE:X86 Debug\main.obj
         Practica_0.vcxproj -> C:\Users\nanoENGINE\Desktop\REPOS\infograf\InfoGrafica\InfoGraficaSolution\Debug\Practica_0.exe
     1>Done Building Project "C:\Users\nanoENGINE\Desktop\REPOS\infograf\InfoGrafica\InfoGraficaSolution\Practica_0\Practica_0.vcxproj" (Build target(s)).

Build succeeded.

Time Elapsed 00:00:00.78
